<?xml version="1.0" encoding="UTF-8"?>
<!-- Generated by org.testng.reporters.JUnitReportReporter -->
<testsuite skipped="0" hostname="Dhanya" name="ReporterDemo" tests="1" failures="0" timestamp="15 Jul 2020 16:09:03 GMT" time="63.697" errors="0">
  <testcase name="testReport" time="63.697" classname="ReporterDemo"/>
</testsuite> <!-- ReporterDemo -->
