<?xml version="1.0" encoding="UTF-8"?>
<!-- Generated by org.testng.reporters.JUnitReportReporter -->
<testsuite skipped="1" hostname="Dhanya" name="getRequest.GetData" tests="2" failures="0" timestamp="01 Aug 2020 15:18:40 GMT" time="5.619" errors="0">
  <testcase name="testResponsecode" time="5.619" classname="getRequest.GetData"/>
  <testcase name="testBody" classname="getRequest.GetData">
    <skipped/>
  </testcase> <!-- testBody -->
</testsuite> <!-- getRequest.GetData -->
